<?xml version="1.0" encoding="UTF-8"?>
<!-- Generated by org.testng.reporters.JUnitXMLReporter -->
<testsuite ignored="0" hostname="LAPTOP-DG8G23UU" failures="0" tests="5" name="Test" time="6.814" errors="0" timestamp="2024-06-01T15:43:57 IST">
  <testcase classname="prashantbhakuni.Test.CheckboxesTest" name="checkboxes" time="0.477"/>
  <testcase classname="prashantbhakuni.Test.AddRemoveTest" name="addRemove" time="0.514"/>
  <testcase classname="prashantbhakuni.Test.ContextMenuTest" name="contextMenu" time="0.542"/>
  <testcase classname="prashantbhakuni.Test.BasicAuthTest" name="basicAuth" time="1.279"/>
  <testcase classname="prashantbhakuni.Test.ChallengingDOMTest" name="challengingDom" time="1.335"/>
</testsuite> <!-- Test -->
