<?xml version="1.0" encoding="UTF-8"?>
<!-- Generated by org.testng.reporters.JUnitXMLReporter -->
<testsuite ignored="0" hostname="LAPTOP-DG8G23UU" failures="0" tests="5" name="Test" time="10.709" errors="0" timestamp="2024-06-01T17:17:17 IST">
  <testcase classname="prashantbhakuni.Test.CheckboxesTest" name="checkboxes" time="0.382"/>
  <testcase classname="prashantbhakuni.Test.AddRemoveTest" name="addRemove" time="0.458"/>
  <testcase classname="prashantbhakuni.Test.BasicAuthTest" name="basicAuth" time="0.565"/>
  <testcase classname="prashantbhakuni.Test.ChallengingDOMTest" name="challengingDom" time="1.508"/>
  <testcase classname="prashantbhakuni.Test.ContextMenuTest" name="contextMenu" time="0.789"/>
</testsuite> <!-- Test -->
