<?xml version="1.0" encoding="UTF-8"?>
<testng-results ignored="0" total="5" passed="5" failed="0" skipped="0">
  <reporter-output>
  </reporter-output>
  <suite started-at="2024-06-01T17:17:07 IST" name="Suite" finished-at="2024-06-01T17:17:17 IST" duration-ms="10709">
    <groups>
    </groups>
    <test started-at="2024-06-01T17:17:07 IST" name="Test" finished-at="2024-06-01T17:17:17 IST" duration-ms="10709">
      <class name="prashantbhakuni.Test.AddRemoveTest">
        <test-method is-config="true" signature="launchWebsite()[pri:0, instance:prashantbhakuni.Test.AddRemoveTest@564fabc8]" started-at="2024-06-01T17:17:07 IST" name="launchWebsite" finished-at="2024-06-01T17:17:13 IST" duration-ms="6042" status="PASS">
          <reporter-output>
          </reporter-output>
        </test-method> <!-- launchWebsite -->
        <test-method signature="addRemove()[pri:0, instance:prashantbhakuni.Test.AddRemoveTest@564fabc8]" started-at="2024-06-01T17:17:13 IST" name="addRemove" finished-at="2024-06-01T17:17:13 IST" duration-ms="458" status="PASS">
          <reporter-output>
          </reporter-output>
        </test-method> <!-- addRemove -->
        <test-method is-config="true" signature="tearDown()[pri:0, instance:prashantbhakuni.Test.AddRemoveTest@564fabc8]" started-at="2024-06-01T17:17:13 IST" name="tearDown" finished-at="2024-06-01T17:17:13 IST" duration-ms="92" status="PASS">
          <reporter-output>
          </reporter-output>
        </test-method> <!-- tearDown -->
      </class> <!-- prashantbhakuni.Test.AddRemoveTest -->
      <class name="prashantbhakuni.Test.ContextMenuTest">
        <test-method is-config="true" signature="launchWebsite()[pri:0, instance:prashantbhakuni.Test.ContextMenuTest@49ec71f8]" started-at="2024-06-01T17:17:07 IST" name="launchWebsite" finished-at="2024-06-01T17:17:17 IST" duration-ms="9757" status="PASS">
          <reporter-output>
          </reporter-output>
        </test-method> <!-- launchWebsite -->
        <test-method signature="contextMenu()[pri:0, instance:prashantbhakuni.Test.ContextMenuTest@49ec71f8]" started-at="2024-06-01T17:17:17 IST" name="contextMenu" finished-at="2024-06-01T17:17:17 IST" duration-ms="789" status="PASS">
          <reporter-output>
          </reporter-output>
        </test-method> <!-- contextMenu -->
        <test-method is-config="true" signature="tearDown()[pri:0, instance:prashantbhakuni.Test.ContextMenuTest@49ec71f8]" started-at="2024-06-01T17:17:17 IST" name="tearDown" finished-at="2024-06-01T17:17:17 IST" duration-ms="118" status="PASS">
          <reporter-output>
          </reporter-output>
        </test-method> <!-- tearDown -->
      </class> <!-- prashantbhakuni.Test.ContextMenuTest -->
      <class name="prashantbhakuni.Test.BasicAuthTest">
        <test-method is-config="true" signature="launchWebsite()[pri:0, instance:prashantbhakuni.Test.BasicAuthTest@1d2adfbe]" started-at="2024-06-01T17:17:07 IST" name="launchWebsite" finished-at="2024-06-01T17:17:13 IST" duration-ms="6297" status="PASS">
          <reporter-output>
          </reporter-output>
        </test-method> <!-- launchWebsite -->
        <test-method signature="basicAuth()[pri:0, instance:prashantbhakuni.Test.BasicAuthTest@1d2adfbe]" started-at="2024-06-01T17:17:13 IST" name="basicAuth" finished-at="2024-06-01T17:17:14 IST" duration-ms="565" status="PASS">
          <reporter-output>
          </reporter-output>
        </test-method> <!-- basicAuth -->
        <test-method is-config="true" signature="tearDown()[pri:0, instance:prashantbhakuni.Test.BasicAuthTest@1d2adfbe]" started-at="2024-06-01T17:17:14 IST" name="tearDown" finished-at="2024-06-01T17:17:14 IST" duration-ms="122" status="PASS">
          <reporter-output>
          </reporter-output>
        </test-method> <!-- tearDown -->
      </class> <!-- prashantbhakuni.Test.BasicAuthTest -->
      <class name="prashantbhakuni.Test.CheckboxesTest">
        <test-method is-config="true" signature="launchWebsite()[pri:0, instance:prashantbhakuni.Test.CheckboxesTest@16d04d3d]" started-at="2024-06-01T17:17:07 IST" name="launchWebsite" finished-at="2024-06-01T17:17:13 IST" duration-ms="6052" status="PASS">
          <reporter-output>
          </reporter-output>
        </test-method> <!-- launchWebsite -->
        <test-method signature="checkboxes()[pri:0, instance:prashantbhakuni.Test.CheckboxesTest@16d04d3d]" started-at="2024-06-01T17:17:13 IST" name="checkboxes" finished-at="2024-06-01T17:17:13 IST" duration-ms="382" status="PASS">
          <reporter-output>
          </reporter-output>
        </test-method> <!-- checkboxes -->
        <test-method is-config="true" signature="tearDown()[pri:0, instance:prashantbhakuni.Test.CheckboxesTest@16d04d3d]" started-at="2024-06-01T17:17:13 IST" name="tearDown" finished-at="2024-06-01T17:17:13 IST" duration-ms="112" status="PASS">
          <reporter-output>
          </reporter-output>
        </test-method> <!-- tearDown -->
      </class> <!-- prashantbhakuni.Test.CheckboxesTest -->
      <class name="prashantbhakuni.Test.ChallengingDOMTest">
        <test-method is-config="true" signature="launchWebsite()[pri:0, instance:prashantbhakuni.Test.ChallengingDOMTest@15ff3e9e]" started-at="2024-06-01T17:17:07 IST" name="launchWebsite" finished-at="2024-06-01T17:17:13 IST" duration-ms="6590" status="PASS">
          <reporter-output>
          </reporter-output>
        </test-method> <!-- launchWebsite -->
        <test-method signature="challengingDom()[pri:0, instance:prashantbhakuni.Test.ChallengingDOMTest@15ff3e9e]" started-at="2024-06-01T17:17:13 IST" name="challengingDom" finished-at="2024-06-01T17:17:15 IST" duration-ms="1508" status="PASS">
          <reporter-output>
          </reporter-output>
        </test-method> <!-- challengingDom -->
        <test-method is-config="true" signature="tearDown()[pri:0, instance:prashantbhakuni.Test.ChallengingDOMTest@15ff3e9e]" started-at="2024-06-01T17:17:15 IST" name="tearDown" finished-at="2024-06-01T17:17:15 IST" duration-ms="123" status="PASS">
          <reporter-output>
          </reporter-output>
        </test-method> <!-- tearDown -->
      </class> <!-- prashantbhakuni.Test.ChallengingDOMTest -->
    </test> <!-- Test -->
  </suite> <!-- Suite -->
</testng-results>
