<?xml version="1.0" encoding="UTF-8"?>
<testsuite xmlns:xsi="http://www.w3.org/2001/XMLSchema-instance" xsi:noNamespaceSchemaLocation="https://maven.apache.org/surefire/maven-surefire-plugin/xsd/surefire-test-report-3.0.xsd" version="3.0" name="TestSuite" time="69.917" tests="15" errors="0" skipped="0" failures="1">
  <properties>
[...]
</properties>
  <testcase name="brokenImages" classname="prashantbhakuni.Test.BrokenImagesTest" time="0.342">
    <system-err><![CDATA[SLF4J: Failed to load class "org.slf4j.impl.StaticLoggerBinder".
SLF4J: Defaulting to no-operation (NOP) logger implementation
SLF4J: See http://www.slf4j.org/codes.html#StaticLoggerBinder for further details.
]]></system-err>
  </testcase>
  <testcase name="checkboxes" classname="prashantbhakuni.Test.CheckboxesTest" time="0.146">
    <system-out><![CDATA[foo
]]></system-out>
  </testcase>
  <testcase name="addRemove" classname="prashantbhakuni.Test.AddRemoveTest" time="1.045">
    <system-out><![CDATA[qux
]]></system-out>
  </testcase>
  <testcase name="challengingDom" classname="prashantbhakuni.Test.ChallengingDOMTest" time="1.238">
    <system-out><![CDATA[qux
]]></system-out>
  </testcase>
  <testcase name="basicAuth" classname="prashantbhakuni.Test.BasicAuthTest" time="2.584"/>
  <testcase name="contextMenu" classname="prashantbhakuni.Test.ContextMenuTest" time="0.671"/>
  <testcase name="dragAndDrop" classname="prashantbhakuni.Test.DragAndDropTest" time="0.722"/>
  <testcase name="basicAuth" classname="prashantbhakuni.Test.DigestAuthenticationTest" time="0.719"/>
  <testcase name="dropdownTest" classname="prashantbhakuni.Test.DropdownTest" time="0.916"/>
  <testcase name="exitIntentTest" classname="prashantbhakuni.Test.ExitIntentTest" time="0.71">
    <failure message="expected [THIS IS A MODAL WINDOW] but found []" type="java.lang.AssertionError"><![CDATA[java.lang.AssertionError: expected [THIS IS A MODAL WINDOW] but found []
	at org.testng.Assert.fail(Assert.java:111)
	at org.testng.Assert.failNotEquals(Assert.java:1578)
	at org.testng.Assert.assertEqualsImpl(Assert.java:150)
	at org.testng.Assert.assertEquals(Assert.java:132)
	at org.testng.Assert.assertEquals(Assert.java:656)
	at org.testng.Assert.assertEquals(Assert.java:666)
	at prashantbhakuni.Test.ExitIntentTest.exitIntentTest(ExitIntentTest.java:16)
	at java.base/jdk.internal.reflect.DirectMethodHandleAccessor.invoke(DirectMethodHandleAccessor.java:103)
	at java.base/java.lang.reflect.Method.invoke(Method.java:580)
	at org.testng.internal.invokers.MethodInvocationHelper.invokeMethod(MethodInvocationHelper.java:141)
	at org.testng.internal.invokers.TestInvoker.invokeMethod(TestInvoker.java:686)
	at org.testng.internal.invokers.TestInvoker.invokeTestMethod(TestInvoker.java:230)
	at org.testng.internal.invokers.MethodRunner.runInSequence(MethodRunner.java:63)
	at org.testng.internal.invokers.TestInvoker$MethodInvocationAgent.invoke(TestInvoker.java:992)
	at org.testng.internal.invokers.TestInvoker.invokeTestMethods(TestInvoker.java:203)
	at org.testng.internal.invokers.TestMethodWorker.invokeTestMethods(TestMethodWorker.java:154)
	at org.testng.internal.invokers.TestMethodWorker.run(TestMethodWorker.java:134)
	at java.base/java.util.concurrent.Executors$RunnableAdapter.call(Executors.java:572)
	at java.base/java.util.concurrent.FutureTask.run(FutureTask.java:317)
	at org.testng.internal.thread.graph.TestNGFutureTask.run(TestNGFutureTask.java:22)
	at java.base/java.util.concurrent.ThreadPoolExecutor.runWorker(ThreadPoolExecutor.java:1144)
	at java.base/java.util.concurrent.ThreadPoolExecutor$Worker.run(ThreadPoolExecutor.java:642)
	at java.base/java.lang.Thread.run(Thread.java:1583)
]]></failure>
  </testcase>
  <testcase name="entryAd" classname="prashantbhakuni.Test.EntryAdTest" time="2.406"/>
  <testcase name="disappearingElementsTest" classname="prashantbhakuni.Test.DisappearingElementsTest" time="8.216"/>
  <testcase name="loadingForExample1" classname="prashantbhakuni.Test.DynamicLoadingTest" time="9.428"/>
  <testcase name="loadingForExample2" classname="prashantbhakuni.Test.DynamicLoadingTest" time="21.168">
    <system-out><![CDATA[It is not a hidden element
]]></system-out>
  </testcase>
  <testcase name="dynamicControls" classname="prashantbhakuni.Test.DynamicControlsTest" time="10.204"/>
</testsuite>