<?xml version="1.0" encoding="UTF-8"?>
<testng-results ignored="0" total="5" passed="5" failed="0" skipped="0">
  <reporter-output>
  </reporter-output>
  <suite started-at="2024-06-01T16:18:16 IST" name="Suite" finished-at="2024-06-01T16:18:25 IST" duration-ms="9778">
    <groups>
    </groups>
    <test started-at="2024-06-01T16:18:16 IST" name="Test" finished-at="2024-06-01T16:18:25 IST" duration-ms="9778">
      <class name="prashantbhakuni.Test.AddRemoveTest">
        <test-method is-config="true" signature="launchWebsite()[pri:0, instance:prashantbhakuni.Test.AddRemoveTest@564fabc8]" started-at="2024-06-01T16:18:16 IST" name="launchWebsite" finished-at="2024-06-01T16:18:22 IST" duration-ms="6487" status="PASS">
          <reporter-output>
          </reporter-output>
        </test-method> <!-- launchWebsite -->
        <test-method signature="addRemove()[pri:0, instance:prashantbhakuni.Test.AddRemoveTest@564fabc8]" started-at="2024-06-01T16:18:22 IST" name="addRemove" finished-at="2024-06-01T16:18:23 IST" duration-ms="493" status="PASS">
          <reporter-output>
          </reporter-output>
        </test-method> <!-- addRemove -->
        <test-method is-config="true" signature="tearDown()[pri:0, instance:prashantbhakuni.Test.AddRemoveTest@564fabc8]" started-at="2024-06-01T16:18:23 IST" name="tearDown" finished-at="2024-06-01T16:18:24 IST" duration-ms="1360" status="PASS">
          <reporter-output>
          </reporter-output>
        </test-method> <!-- tearDown -->
      </class> <!-- prashantbhakuni.Test.AddRemoveTest -->
      <class name="prashantbhakuni.Test.ContextMenuTest">
        <test-method is-config="true" signature="launchWebsite()[pri:0, instance:prashantbhakuni.Test.ContextMenuTest@49ec71f8]" started-at="2024-06-01T16:18:16 IST" name="launchWebsite" finished-at="2024-06-01T16:18:20 IST" duration-ms="4537" status="PASS">
          <reporter-output>
          </reporter-output>
        </test-method> <!-- launchWebsite -->
        <test-method signature="contextMenu()[pri:0, instance:prashantbhakuni.Test.ContextMenuTest@49ec71f8]" started-at="2024-06-01T16:18:20 IST" name="contextMenu" finished-at="2024-06-01T16:18:21 IST" duration-ms="583" status="PASS">
          <reporter-output>
          </reporter-output>
        </test-method> <!-- contextMenu -->
        <test-method is-config="true" signature="tearDown()[pri:0, instance:prashantbhakuni.Test.ContextMenuTest@49ec71f8]" started-at="2024-06-01T16:18:21 IST" name="tearDown" finished-at="2024-06-01T16:18:22 IST" duration-ms="1212" status="PASS">
          <reporter-output>
          </reporter-output>
        </test-method> <!-- tearDown -->
      </class> <!-- prashantbhakuni.Test.ContextMenuTest -->
      <class name="prashantbhakuni.Test.BasicAuthTest">
        <test-method is-config="true" signature="launchWebsite()[pri:0, instance:prashantbhakuni.Test.BasicAuthTest@1d2adfbe]" started-at="2024-06-01T16:18:16 IST" name="launchWebsite" finished-at="2024-06-01T16:18:23 IST" duration-ms="7233" status="PASS">
          <reporter-output>
          </reporter-output>
        </test-method> <!-- launchWebsite -->
        <test-method signature="basicAuth()[pri:0, instance:prashantbhakuni.Test.BasicAuthTest@1d2adfbe]" started-at="2024-06-01T16:18:23 IST" name="basicAuth" finished-at="2024-06-01T16:18:23 IST" duration-ms="612" status="PASS">
          <reporter-output>
          </reporter-output>
        </test-method> <!-- basicAuth -->
        <test-method is-config="true" signature="tearDown()[pri:0, instance:prashantbhakuni.Test.BasicAuthTest@1d2adfbe]" started-at="2024-06-01T16:18:23 IST" name="tearDown" finished-at="2024-06-01T16:18:25 IST" duration-ms="1201" status="PASS">
          <reporter-output>
          </reporter-output>
        </test-method> <!-- tearDown -->
      </class> <!-- prashantbhakuni.Test.BasicAuthTest -->
      <class name="prashantbhakuni.Test.CheckboxesTest">
        <test-method is-config="true" signature="launchWebsite()[pri:0, instance:prashantbhakuni.Test.CheckboxesTest@16d04d3d]" started-at="2024-06-01T16:18:16 IST" name="launchWebsite" finished-at="2024-06-01T16:18:22 IST" duration-ms="6532" status="PASS">
          <reporter-output>
          </reporter-output>
        </test-method> <!-- launchWebsite -->
        <test-method signature="checkboxes()[pri:0, instance:prashantbhakuni.Test.CheckboxesTest@16d04d3d]" started-at="2024-06-01T16:18:22 IST" name="checkboxes" finished-at="2024-06-01T16:18:23 IST" duration-ms="520" status="PASS">
          <reporter-output>
          </reporter-output>
        </test-method> <!-- checkboxes -->
        <test-method is-config="true" signature="tearDown()[pri:0, instance:prashantbhakuni.Test.CheckboxesTest@16d04d3d]" started-at="2024-06-01T16:18:23 IST" name="tearDown" finished-at="2024-06-01T16:18:24 IST" duration-ms="1258" status="PASS">
          <reporter-output>
          </reporter-output>
        </test-method> <!-- tearDown -->
      </class> <!-- prashantbhakuni.Test.CheckboxesTest -->
      <class name="prashantbhakuni.Test.ChallengingDOMTest">
        <test-method is-config="true" signature="launchWebsite()[pri:0, instance:prashantbhakuni.Test.ChallengingDOMTest@15ff3e9e]" started-at="2024-06-01T16:18:16 IST" name="launchWebsite" finished-at="2024-06-01T16:18:23 IST" duration-ms="7020" status="PASS">
          <reporter-output>
          </reporter-output>
        </test-method> <!-- launchWebsite -->
        <test-method signature="challengingDom()[pri:0, instance:prashantbhakuni.Test.ChallengingDOMTest@15ff3e9e]" started-at="2024-06-01T16:18:23 IST" name="challengingDom" finished-at="2024-06-01T16:18:24 IST" duration-ms="1499" status="PASS">
          <reporter-output>
          </reporter-output>
        </test-method> <!-- challengingDom -->
        <test-method is-config="true" signature="tearDown()[pri:0, instance:prashantbhakuni.Test.ChallengingDOMTest@15ff3e9e]" started-at="2024-06-01T16:18:24 IST" name="tearDown" finished-at="2024-06-01T16:18:25 IST" duration-ms="1213" status="PASS">
          <reporter-output>
          </reporter-output>
        </test-method> <!-- tearDown -->
      </class> <!-- prashantbhakuni.Test.ChallengingDOMTest -->
    </test> <!-- Test -->
  </suite> <!-- Suite -->
</testng-results>
