<?xml version="1.0" encoding="UTF-8"?>
<testng-results ignored="0" total="1" passed="1" failed="0" skipped="0">
  <reporter-output>
  </reporter-output>
  <suite started-at="2024-06-09T12:16:45 IST" name="Default suite" finished-at="2024-06-09T12:16:51 IST" duration-ms="6017">
    <groups>
    </groups>
    <test started-at="2024-06-09T12:16:45 IST" name="Default test" finished-at="2024-06-09T12:16:51 IST" duration-ms="6017">
      <class name="prashantbhakuni.Test.ExitIntentTest">
        <test-method is-config="true" signature="launchWebsite()[pri:0, instance:prashantbhakuni.Test.ExitIntentTest@740cae06]" started-at="2024-06-09T12:16:45 IST" name="launchWebsite" finished-at="2024-06-09T12:16:49 IST" duration-ms="4093" status="PASS">
          <reporter-output>
          </reporter-output>
        </test-method> <!-- launchWebsite -->
        <test-method signature="exitIntentTest()[pri:0, instance:prashantbhakuni.Test.ExitIntentTest@740cae06]" started-at="2024-06-09T12:16:49 IST" name="exitIntentTest" finished-at="2024-06-09T12:16:50 IST" duration-ms="701" status="PASS">
          <reporter-output>
          </reporter-output>
        </test-method> <!-- exitIntentTest -->
        <test-method is-config="true" signature="tearDown()[pri:0, instance:prashantbhakuni.Test.ExitIntentTest@740cae06]" started-at="2024-06-09T12:16:50 IST" name="tearDown" finished-at="2024-06-09T12:16:51 IST" duration-ms="1194" status="PASS">
          <reporter-output>
          </reporter-output>
        </test-method> <!-- tearDown -->
      </class> <!-- prashantbhakuni.Test.ExitIntentTest -->
    </test> <!-- Default test -->
  </suite> <!-- Default suite -->
</testng-results>
